[debug] [2022-08-02T06:31:46.406Z] ----------------------------------------------------------------------
[debug] [2022-08-02T06:31:46.408Z] Command:       C:\Program Files\nodejs\node.exe C:\Users\khanh\AppData\Roaming\npm\node_modules\firebase-tools\lib\bin\firebase.js init
[debug] [2022-08-02T06:31:46.409Z] CLI Version:   11.4.0
[debug] [2022-08-02T06:31:46.409Z] Platform:      win32
[debug] [2022-08-02T06:31:46.409Z] Node Version:  v18.4.0
[debug] [2022-08-02T06:31:46.410Z] Time:          Tue Aug 02 2022 13:31:46 GMT+0700 (Indochina Time)
[debug] [2022-08-02T06:31:46.410Z] ----------------------------------------------------------------------
[debug] 
[debug] [2022-08-02T06:31:46.420Z] > command requires scopes: ["email","openid","https://www.googleapis.com/auth/cloudplatformprojects.readonly","https://www.googleapis.com/auth/firebase","https://www.googleapis.com/auth/cloud-platform"]
[debug] [2022-08-02T06:31:46.420Z] > authorizing via signed-in user (nhokvodanh0508@gmail.com)
[info] 
     ######## #### ########  ######## ########     ###     ######  ########
     ##        ##  ##     ## ##       ##     ##  ##   ##  ##       ##
     ######    ##  ########  ######   ########  #########  ######  ######
     ##        ##  ##    ##  ##       ##     ## ##     ##       ## ##
     ##       #### ##     ## ######## ########  ##     ##  ######  ########

You're about to initialize a Firebase project in this directory:

  C:\Users\khanh\OneDrive\Desktop\Projects\React\reacttestapp

[info] 
=== Project Setup
[info] 
[info] First, let's associate this project directory with a Firebase project.
[info] You can create multiple project aliases by running firebase use --add, 
[info] but for now we'll just set up a default project.
[info] 
[debug] [2022-08-02T06:33:32.752Z] > refreshing access token with scopes: []
[debug] [2022-08-02T06:33:32.754Z] >>> [apiv2][query] POST https://www.googleapis.com/oauth2/v3/token [none]
[debug] [2022-08-02T06:33:32.755Z] >>> [apiv2][body] POST https://www.googleapis.com/oauth2/v3/token [omitted]
[debug] [2022-08-02T06:33:32.981Z] <<< [apiv2][status] POST https://www.googleapis.com/oauth2/v3/token 200
[debug] [2022-08-02T06:33:32.981Z] <<< [apiv2][body] POST https://www.googleapis.com/oauth2/v3/token [omitted]
[debug] [2022-08-02T06:33:33.000Z] >>> [apiv2][query] GET https://firebase.googleapis.com/v1beta1/projects pageSize=100
[debug] [2022-08-02T06:33:33.683Z] <<< [apiv2][status] GET https://firebase.googleapis.com/v1beta1/projects 200
[debug] [2022-08-02T06:33:33.684Z] <<< [apiv2][body] GET https://firebase.googleapis.com/v1beta1/projects [omitted]
[debug] [2022-08-02T06:34:24.712Z] ----------------------------------------------------------------------
[debug] [2022-08-02T06:34:24.713Z] Command:       C:\Program Files\nodejs\node.exe C:\Users\khanh\AppData\Roaming\npm\node_modules\firebase-tools\lib\bin\firebase.js init
[debug] [2022-08-02T06:34:24.714Z] CLI Version:   11.4.0
[debug] [2022-08-02T06:34:24.714Z] Platform:      win32
[debug] [2022-08-02T06:34:24.714Z] Node Version:  v18.4.0
[debug] [2022-08-02T06:34:24.715Z] Time:          Tue Aug 02 2022 13:34:24 GMT+0700 (Indochina Time)
[debug] [2022-08-02T06:34:24.715Z] ----------------------------------------------------------------------
[debug] 
[debug] [2022-08-02T06:34:24.723Z] > command requires scopes: ["email","openid","https://www.googleapis.com/auth/cloudplatformprojects.readonly","https://www.googleapis.com/auth/firebase","https://www.googleapis.com/auth/cloud-platform"]
[debug] [2022-08-02T06:34:24.724Z] > authorizing via signed-in user (nhokvodanh0508@gmail.com)
[info] 
     ######## #### ########  ######## ########     ###     ######  ########
     ##        ##  ##     ## ##       ##     ##  ##   ##  ##       ##
     ######    ##  ########  ######   ########  #########  ######  ######
     ##        ##  ##    ##  ##       ##     ## ##     ##       ## ##
     ##       #### ##     ## ######## ########  ##     ##  ######  ########

You're about to initialize a Firebase project in this directory:

  C:\Users\khanh\OneDrive\Desktop\Projects\React\reacttestapp

[info] 
=== Project Setup
[info] 
[info] First, let's associate this project directory with a Firebase project.
[info] You can create multiple project aliases by running firebase use --add, 
[info] but for now we'll just set up a default project.
[info] 
[info] i  If you want to create a project in a Google Cloud organization or folder, please use "firebase projects:create" instead, and return to this command when you've created the project. 
[debug] [2022-08-02T06:34:58.492Z] >>> [apiv2][query] POST https://cloudresourcemanager.googleapis.com/v1/projects [none]
[debug] [2022-08-02T06:34:58.492Z] >>> [apiv2][body] POST https://cloudresourcemanager.googleapis.com/v1/projects {"projectId":"dempj","name":"Demo"}
[debug] [2022-08-02T06:34:59.495Z] <<< [apiv2][status] POST https://cloudresourcemanager.googleapis.com/v1/projects 400
[debug] [2022-08-02T06:34:59.495Z] <<< [apiv2][body] POST https://cloudresourcemanager.googleapis.com/v1/projects {"error":{"code":400,"message":"field [project_id] has issue [project_id must be at least 6 characters long]","status":"INVALID_ARGUMENT","details":[{"@type":"type.googleapis.com/google.rpc.BadRequest","fieldViolations":[{"field":"project_id","description":"project_id must be at least 6 characters long"}]},{"@type":"type.googleapis.com/google.rpc.Help","links":[{"url":"https://cloud.google.com/resource-manager/reference/rest/v1/projects"}]}]}}
[debug] [2022-08-02T06:34:59.620Z] FirebaseError: HTTP Error: 400, field [project_id] has issue [project_id must be at least 6 characters long]
    at responseToError (C:\Users\khanh\AppData\Roaming\npm\node_modules\firebase-tools\lib\responseToError.js:49:12)
    at RetryOperation._fn (C:\Users\khanh\AppData\Roaming\npm\node_modules\firebase-tools\lib\apiv2.js:288:77)
    at process.processTicksAndRejections (node:internal/process/task_queues:95:5)
[error] 
[error] Error: Failed to create project. See firebase-debug.log for more info.
